\BOOKMARK [1][-]{section*.1}{\376\377\000\101\000\142\000\163\000\164\000\162\000\141\000\143\000\164}{}% 1
\BOOKMARK [1][-]{section.1}{\376\377\000\061\000\040\000\111\000\156\000\164\000\162\000\157\000\144\000\165\000\143\000\164\000\151\000\157\000\156}{}% 2
\BOOKMARK [1][-]{section.2}{\376\377\000\062\000\040\000\115\000\157\000\164\000\151\000\166\000\141\000\164\000\151\000\157\000\156}{}% 3
\BOOKMARK [2][-]{subsection.2.1}{\376\377\000\062\000\056\000\061\000\040\000\124\000\150\000\145\000\040\000\151\000\156\000\143\000\157\000\155\000\160\000\154\000\145\000\164\000\145\000\156\000\145\000\163\000\163\000\040\000\157\000\146\000\040\000\143\000\157\000\166\000\145\000\162\000\151\000\156\000\147\000\040\000\141\000\162\000\162\000\141\000\171}{section.2}% 4
\BOOKMARK [2][-]{subsection.2.2}{\376\377\000\062\000\056\000\062\000\040\000\124\000\150\000\145\000\040\000\151\000\156\000\143\000\157\000\155\000\160\000\154\000\145\000\164\000\145\000\156\000\145\000\163\000\163\000\040\000\157\000\146\000\040\000\117\000\106\000\117\000\124}{section.2}% 5
\BOOKMARK [2][-]{subsection.2.3}{\376\377\000\062\000\056\000\063\000\040\000\124\000\150\000\145\000\040\000\151\000\156\000\143\000\157\000\155\000\160\000\154\000\145\000\164\000\145\000\156\000\145\000\163\000\163\000\040\000\157\000\146\000\040\000\106\000\111\000\103}{section.2}% 6
\BOOKMARK [2][-]{subsection.2.4}{\376\377\000\062\000\056\000\064\000\040\000\101\000\144\000\144\000\151\000\164\000\151\000\157\000\156\000\141\000\154\000\040\000\145\000\146\000\146\000\157\000\162\000\164\000\163\000\040\000\164\000\157\000\040\000\162\000\145\000\155\000\157\000\166\000\145\000\040\000\164\000\150\000\145\000\040\000\160\000\145\000\156\000\144\000\151\000\156\000\147\000\040\000\163\000\143\000\150\000\145\000\155\000\141\000\163}{section.2}% 7
\BOOKMARK [2][-]{subsection.2.5}{\376\377\000\062\000\056\000\065\000\040\000\101\000\040\000\163\000\165\000\155\000\155\000\141\000\162\000\171}{section.2}% 8
\BOOKMARK [1][-]{section.3}{\376\377\000\063\000\040\000\120\000\162\000\145\000\154\000\151\000\155\000\151\000\156\000\141\000\162\000\171}{}% 9
\BOOKMARK [1][-]{section.4}{\376\377\000\064\000\040\000\120\000\145\000\156\000\144\000\151\000\156\000\147\000\040\000\163\000\143\000\150\000\145\000\155\000\141}{}% 10
\BOOKMARK [2][-]{subsection.4.1}{\376\377\000\064\000\056\000\061\000\040\000\127\000\150\000\141\000\164\000\040\000\151\000\163\000\040\000\160\000\145\000\156\000\144\000\151\000\156\000\147\000\040\000\163\000\143\000\150\000\145\000\155\000\141}{section.4}% 11
\BOOKMARK [2][-]{subsection.4.2}{\376\377\000\064\000\056\000\062\000\040\000\117\000\142\000\164\000\141\000\151\000\156\000\151\000\156\000\147\000\040\000\160\000\145\000\156\000\144\000\151\000\156\000\147\000\040\000\163\000\143\000\150\000\145\000\155\000\141}{section.4}% 12
\BOOKMARK [2][-]{subsection.4.3}{\376\377\000\064\000\056\000\063\000\040\000\107\000\145\000\164\000\164\000\151\000\156\000\147\000\040\000\142\000\141\000\143\000\153\000\040\000\164\000\157\000\040\000\164\000\150\000\145\000\040\000\155\000\157\000\164\000\151\000\166\000\141\000\164\000\151\000\157\000\156\000\040\000\145\000\170\000\141\000\155\000\160\000\154\000\145}{section.4}% 13
\BOOKMARK [1][-]{section.5}{\376\377\000\065\000\040\000\105\000\155\000\160\000\151\000\162\000\151\000\143\000\141\000\154\000\040\000\163\000\164\000\165\000\144\000\151\000\145\000\163}{}% 14
\BOOKMARK [2][-]{subsection.5.1}{\376\377\000\065\000\056\000\061\000\040\000\124\000\150\000\145\000\040\000\160\000\145\000\156\000\144\000\151\000\156\000\147\000\040\000\163\000\143\000\150\000\145\000\155\000\141\000\163\000\040\000\146\000\157\000\162\000\040\000\143\000\157\000\166\000\145\000\162\000\151\000\156\000\147\000\040\000\141\000\162\000\162\000\141\000\171\000\163}{section.5}% 15
\BOOKMARK [2][-]{subsection.5.2}{\376\377\000\065\000\056\000\062\000\040\000\124\000\150\000\145\000\040\000\145\000\170\000\151\000\163\000\164\000\145\000\156\000\143\000\145\000\040\000\157\000\146\000\040\000\160\000\145\000\156\000\144\000\151\000\156\000\147\000\040\000\163\000\143\000\150\000\145\000\155\000\141\000\163\000\040\000\146\000\157\000\162\000\040\000\144\000\151\000\146\000\146\000\145\000\162\000\145\000\156\000\164\000\040\000\115\000\106\000\123\000\040\000\151\000\144\000\145\000\156\000\164\000\151\000\146\000\151\000\143\000\141\000\164\000\151\000\157\000\156\000\040\000\141\000\160\000\160\000\162\000\157\000\141\000\143\000\150\000\145\000\163}{section.5}% 16
\BOOKMARK [2][-]{subsection.5.3}{\376\377\000\065\000\056\000\063\000\040\000\124\000\150\000\145\000\040\000\143\000\150\000\141\000\162\000\141\000\143\000\164\000\145\000\162\000\151\000\163\000\164\000\151\000\143\000\163\000\040\000\157\000\146\000\040\000\160\000\145\000\156\000\144\000\151\000\156\000\147\000\040\000\163\000\143\000\150\000\145\000\155\000\141\000\163\000\040\000\167\000\151\000\164\000\150\000\040\000\166\000\141\000\162\000\151\000\157\000\165\000\163\000\040\000\164\000\171\000\160\000\145\000\163\000\040\000\157\000\146\000\040\000\115\000\106\000\123\000\040\000\050\000\155\000\165\000\154\000\164\000\151\000\160\000\154\000\145\000\054\000\040\000\157\000\166\000\145\000\162\000\154\000\141\000\160\000\160\000\145\000\144\000\054\000\040\000\163\000\151\000\156\000\147\000\154\000\145\000\054\000\040\000\154\000\157\000\167\000\055\000\150\000\151\000\147\000\150\000\040\000\144\000\145\000\147\000\162\000\145\000\145\000\163\000\051}{section.5}% 17
\BOOKMARK [2][-]{subsection.5.4}{\376\377\000\065\000\056\000\064\000\040\000\124\000\150\000\145\000\040\000\145\000\146\000\146\000\145\000\143\000\164\000\151\000\166\000\145\000\156\000\145\000\163\000\163\000\040\000\157\000\146\000\040\000\164\000\150\000\145\000\040\000\141\000\160\000\160\000\162\000\157\000\141\000\143\000\150}{section.5}% 18
\BOOKMARK [2][-]{subsection.5.5}{\376\377\000\065\000\056\000\065\000\040\000\124\000\150\000\162\000\145\000\141\000\164\000\163\000\040\000\164\000\157\000\040\000\166\000\141\000\154\000\151\000\144\000\151\000\164\000\171}{section.5}% 19
\BOOKMARK [1][-]{section.6}{\376\377\000\066\000\040\000\104\000\151\000\163\000\143\000\165\000\163\000\163\000\151\000\157\000\156}{}% 20
\BOOKMARK [1][-]{section.7}{\376\377\000\067\000\040\000\122\000\145\000\154\000\141\000\164\000\145\000\144\000\040\000\167\000\157\000\162\000\153\000\163}{}% 21
\BOOKMARK [1][-]{section.8}{\376\377\000\070\000\040\000\103\000\157\000\156\000\143\000\154\000\165\000\163\000\151\000\157\000\156}{}% 22
\BOOKMARK [1][-]{appendix.A}{\376\377\000\101\000\040\000\120\000\162\000\157\000\157\000\146}{}% 23
\BOOKMARK [1][-]{appendix.B}{\376\377\000\102\000\040\000\117\000\164\000\150\000\145\000\162\000\040\000\145\000\170\000\155\000\141\000\160\000\154\000\145\000\163\000\040\000\167\000\150\000\145\000\156\000\040\000\141\000\160\000\160\000\154\000\151\000\145\000\144\000\040\000\164\000\150\000\145\000\040\000\160\000\145\000\156\000\144\000\151\000\156\000\147\000\040\000\163\000\150\000\145\000\155\000\141\000\163}{}% 24
\BOOKMARK [1][-]{section*.15}{\376\377\000\101\000\143\000\153\000\156\000\157\000\167\000\154\000\145\000\144\000\147\000\155\000\145\000\156\000\164\000\163}{}% 25
\BOOKMARK [1][-]{section*.17}{\376\377\000\122\000\145\000\146\000\145\000\162\000\145\000\156\000\143\000\145\000\163}{}% 26
